Building DAG of jobs...
Using shell: /usr/bin/bash
Provided cores: 16
Rules claiming more threads will be scaled down.
Job stats:
job                  count
-----------------  -------
align                   41
all                      1
assemble                71
export_clones           75
export_qc_tags          74
refineTagsAndSort       67
total                  329

Select jobs to execute...

[Sun Mar 29 16:02:34 2026]
rule assemble:
    input: ../../results_combineSamples/A26_Blood_CD8_EM+CM.refined.vdjca
    output: ../../results_combineSamples/A26_Blood_CD8_EM+CM.1.clones.clns, ../../results_combineSamples/A26_Blood_CD8_EM+CM.1.assemble.report.txt
    jobid: 238
    reason: Missing output files: ../../results_combineSamples/A26_Blood_CD8_EM+CM.1.clones.clns, ../../results_combineSamples/A26_Blood_CD8_EM+CM.1.assemble.report.txt
    wildcards: sample=A26_Blood_CD8_EM+CM, read_threshold=1
    threads: 16
    resources: tmpdir=/tmp

Terminating processes on user request, this might take some time.
[Sun Mar 29 16:05:39 2026]
Error in rule assemble:
    jobid: 238
    input: ../../results_combineSamples/A26_Blood_CD8_EM+CM.refined.vdjca
    output: ../../results_combineSamples/A26_Blood_CD8_EM+CM.1.clones.clns, ../../results_combineSamples/A26_Blood_CD8_EM+CM.1.assemble.report.txt
    shell:
        
        mixcr-4.7.0 -Xmx25g assemble           --assemble-clonotypes-by CDR3           -Passembler.minRecordsPerConsensus=1           -r ../../results_combineSamples/A26_Blood_CD8_EM+CM.1.assemble.report.txt           ../../results_combineSamples/A26_Blood_CD8_EM+CM.refined.vdjca ../../results_combineSamples/A26_Blood_CD8_EM+CM.1.clones.clns
        
        (one of the commands exited with non-zero exit code; note that snakemake uses bash strict mode!)

Complete log: .snakemake/log/2026-03-29T160233.457976.snakemake.log
