Building DAG of jobs...
Using shell: /usr/bin/bash
Provided cores: 1 (use --cores to define parallelism)
Rules claiming more threads will be scaled down.
Job stats:
job                  count
-----------------  -------
align                   75
all                      1
assemble                75
export_clones           75
export_qc_tags          75
refineTagsAndSort       75
total                  376

Select jobs to execute...

[Sun Mar 29 01:50:41 2026]
rule align:
    input: ../../data/combined_fastq/DYN013_BM_CD4_CD69+_R1.fastq.gz, ../../data/combined_fastq/DYN013_BM_CD4_CD69+_R2.fastq.gz
    output: ../../results_combineSamples/DYN013_BM_CD4_CD69+.vdjca, ../../results_combineSamples/DYN013_BM_CD4_CD69+.align.report.txt
    jobid: 23
    reason: Missing output files: ../../results_combineSamples/DYN013_BM_CD4_CD69+.vdjca, ../../results_combineSamples/DYN013_BM_CD4_CD69+.align.report.txt
    wildcards: sample=DYN013_BM_CD4_CD69+
    resources: tmpdir=/tmp

[Sun Mar 29 01:52:08 2026]
Error in rule align:
    jobid: 23
    input: ../../data/combined_fastq/DYN013_BM_CD4_CD69+_R1.fastq.gz, ../../data/combined_fastq/DYN013_BM_CD4_CD69+_R2.fastq.gz
    output: ../../results_combineSamples/DYN013_BM_CD4_CD69+.vdjca, ../../results_combineSamples/DYN013_BM_CD4_CD69+.align.report.txt
    shell:
        
        mixcr-4.7.0 -Xmx400g align             --preset takara-human-rna-tcr-umi-smartseq             --species hsa             -r ../../results_combineSamples/DYN013_BM_CD4_CD69+.align.report.txt             ../../data/combined_fastq/DYN013_BM_CD4_CD69+_R1.fastq.gz ../../data/combined_fastq/DYN013_BM_CD4_CD69+_R2.fastq.gz ../../results_combineSamples/DYN013_BM_CD4_CD69+.vdjca
        
        (one of the commands exited with non-zero exit code; note that snakemake uses bash strict mode!)

Removing output files of failed job align since they might be corrupted:
../../results_combineSamples/DYN013_BM_CD4_CD69+.vdjca
Shutting down, this might take some time.
Exiting because a job execution failed. Look above for error message
Complete log: .snakemake/log/2026-03-29T015040.025277.snakemake.log
