Building DAG of jobs...
Using shell: /usr/bin/bash
Provided cores: 88
Rules claiming more threads will be scaled down.
Job stats:
job                  count
-----------------  -------
align                   78
all                      1
assemble               101
export_clones          101
export_qc_tags         101
refineTagsAndSort      101
total                  483

Select jobs to execute...

[Wed Apr  1 17:25:48 2026]
rule refineTagsAndSort:
    input: ../../results_combinedGSIDs/107420-001-049.vdjca
    output: ../../results_combinedGSIDs/107420-001-049.refined.vdjca, ../../results_combinedGSIDs/107420-001-049.refine.report.txt
    jobid: 168
    reason: Missing output files: ../../results_combinedGSIDs/107420-001-049.refine.report.txt, ../../results_combinedGSIDs/107420-001-049.refined.vdjca
    wildcards: sample=107420-001-049
    threads: 4
    resources: tmpdir=/tmp


[Wed Apr  1 17:25:48 2026]
rule refineTagsAndSort:
    input: ../../results_combinedGSIDs/107420-001-015.vdjca
    output: ../../results_combinedGSIDs/107420-001-015.refined.vdjca, ../../results_combinedGSIDs/107420-001-015.refine.report.txt
    jobid: 108
    reason: Missing output files: ../../results_combinedGSIDs/107420-001-015.refine.report.txt, ../../results_combinedGSIDs/107420-001-015.refined.vdjca
    wildcards: sample=107420-001-015
    threads: 4
    resources: tmpdir=/tmp


[Wed Apr  1 17:25:48 2026]
rule refineTagsAndSort:
    input: ../../results_combinedGSIDs/107420-001-093.vdjca
    output: ../../results_combinedGSIDs/107420-001-093.refined.vdjca, ../../results_combinedGSIDs/107420-001-093.refine.report.txt
    jobid: 138
    reason: Missing output files: ../../results_combinedGSIDs/107420-001-093.refine.report.txt, ../../results_combinedGSIDs/107420-001-093.refined.vdjca
    wildcards: sample=107420-001-093
    threads: 4
    resources: tmpdir=/tmp


[Wed Apr  1 17:25:48 2026]
rule refineTagsAndSort:
    input: ../../results_combinedGSIDs/107420-001-084.vdjca
    output: ../../results_combinedGSIDs/107420-001-084.refined.vdjca, ../../results_combinedGSIDs/107420-001-084.refine.report.txt
    jobid: 198
    reason: Missing output files: ../../results_combinedGSIDs/107420-001-084.refined.vdjca, ../../results_combinedGSIDs/107420-001-084.refine.report.txt
    wildcards: sample=107420-001-084
    threads: 4
    resources: tmpdir=/tmp


[Wed Apr  1 17:25:48 2026]
rule refineTagsAndSort:
    input: ../../results_combinedGSIDs/107420-001-023.vdjca
    output: ../../results_combinedGSIDs/107420-001-023.refined.vdjca, ../../results_combinedGSIDs/107420-001-023.refine.report.txt
    jobid: 161
    reason: Missing output files: ../../results_combinedGSIDs/107420-001-023.refined.vdjca, ../../results_combinedGSIDs/107420-001-023.refine.report.txt
    wildcards: sample=107420-001-023
    threads: 4
    resources: tmpdir=/tmp


[Wed Apr  1 17:25:48 2026]
rule refineTagsAndSort:
    input: ../../results_combinedGSIDs/107420-001-063.vdjca
    output: ../../results_combinedGSIDs/107420-001-063.refined.vdjca, ../../results_combinedGSIDs/107420-001-063.refine.report.txt
    jobid: 191
    reason: Missing output files: ../../results_combinedGSIDs/107420-001-063.refined.vdjca, ../../results_combinedGSIDs/107420-001-063.refine.report.txt
    wildcards: sample=107420-001-063
    threads: 4
    resources: tmpdir=/tmp


[Wed Apr  1 17:25:48 2026]
rule refineTagsAndSort:
    input: ../../results_combinedGSIDs/107420-001-003.vdjca
    output: ../../results_combinedGSIDs/107420-001-003.refined.vdjca, ../../results_combinedGSIDs/107420-001-003.refine.report.txt
    jobid: 105
    reason: Missing output files: ../../results_combinedGSIDs/107420-001-003.refined.vdjca, ../../results_combinedGSIDs/107420-001-003.refine.report.txt
    wildcards: sample=107420-001-003
    threads: 4
    resources: tmpdir=/tmp


[Wed Apr  1 17:25:48 2026]
rule refineTagsAndSort:
    input: ../../results_combinedGSIDs/107420-001-022.vdjca
    output: ../../results_combinedGSIDs/107420-001-022.refined.vdjca, ../../results_combinedGSIDs/107420-001-022.refine.report.txt
    jobid: 165
    reason: Missing output files: ../../results_combinedGSIDs/107420-001-022.refine.report.txt, ../../results_combinedGSIDs/107420-001-022.refined.vdjca
    wildcards: sample=107420-001-022
    threads: 4
    resources: tmpdir=/tmp


[Wed Apr  1 17:25:48 2026]
rule refineTagsAndSort:
    input: ../../results_combinedGSIDs/107420-001-064.vdjca
    output: ../../results_combinedGSIDs/107420-001-064.refined.vdjca, ../../results_combinedGSIDs/107420-001-064.refine.report.txt
    jobid: 195
    reason: Missing output files: ../../results_combinedGSIDs/107420-001-064.refined.vdjca, ../../results_combinedGSIDs/107420-001-064.refine.report.txt
    wildcards: sample=107420-001-064
    threads: 4
    resources: tmpdir=/tmp


[Wed Apr  1 17:25:48 2026]
rule refineTagsAndSort:
    input: ../../results_combinedGSIDs/107420-001-058.vdjca
    output: ../../results_combinedGSIDs/107420-001-058.refined.vdjca, ../../results_combinedGSIDs/107420-001-058.refine.report.txt
    jobid: 135
    reason: Missing output files: ../../results_combinedGSIDs/107420-001-058.refine.report.txt, ../../results_combinedGSIDs/107420-001-058.refined.vdjca
    wildcards: sample=107420-001-058
    threads: 4
    resources: tmpdir=/tmp


[Wed Apr  1 17:25:48 2026]
rule refineTagsAndSort:
    input: ../../results_combinedGSIDs/107420-001-053.vdjca
    output: ../../results_combinedGSIDs/107420-001-053.refined.vdjca, ../../results_combinedGSIDs/107420-001-053.refine.report.txt
    jobid: 158
    reason: Missing output files: ../../results_combinedGSIDs/107420-001-053.refined.vdjca, ../../results_combinedGSIDs/107420-001-053.refine.report.txt
    wildcards: sample=107420-001-053
    threads: 4
    resources: tmpdir=/tmp


[Wed Apr  1 17:25:48 2026]
rule refineTagsAndSort:
    input: ../../results_combinedGSIDs/107420-001-072.vdjca
    output: ../../results_combinedGSIDs/107420-001-072.refined.vdjca, ../../results_combinedGSIDs/107420-001-072.refine.report.txt
    jobid: 128
    reason: Missing output files: ../../results_combinedGSIDs/107420-001-072.refine.report.txt, ../../results_combinedGSIDs/107420-001-072.refined.vdjca
    wildcards: sample=107420-001-072
    threads: 4
    resources: tmpdir=/tmp


[Wed Apr  1 17:25:48 2026]
rule refineTagsAndSort:
    input: ../../results_combinedGSIDs/107420-001-056.vdjca
    output: ../../results_combinedGSIDs/107420-001-056.refined.vdjca, ../../results_combinedGSIDs/107420-001-056.refine.report.txt
    jobid: 188
    reason: Missing output files: ../../results_combinedGSIDs/107420-001-056.refine.report.txt, ../../results_combinedGSIDs/107420-001-056.refined.vdjca
    wildcards: sample=107420-001-056
    threads: 4
    resources: tmpdir=/tmp


[Wed Apr  1 17:25:48 2026]
rule refineTagsAndSort:
    input: ../../results_combinedGSIDs/107420-001-033.vdjca
    output: ../../results_combinedGSIDs/107420-001-033.refined.vdjca, ../../results_combinedGSIDs/107420-001-033.refine.report.txt
    jobid: 155
    reason: Missing output files: ../../results_combinedGSIDs/107420-001-033.refine.report.txt, ../../results_combinedGSIDs/107420-001-033.refined.vdjca
    wildcards: sample=107420-001-033
    threads: 4
    resources: tmpdir=/tmp


[Wed Apr  1 17:25:48 2026]
rule refineTagsAndSort:
    input: ../../results_combinedGSIDs/107420-001-041.vdjca
    output: ../../results_combinedGSIDs/107420-001-041.refined.vdjca, ../../results_combinedGSIDs/107420-001-041.refine.report.txt
    jobid: 125
    reason: Missing output files: ../../results_combinedGSIDs/107420-001-041.refined.vdjca, ../../results_combinedGSIDs/107420-001-041.refine.report.txt
    wildcards: sample=107420-001-041
    threads: 4
    resources: tmpdir=/tmp


[Wed Apr  1 17:25:48 2026]
rule refineTagsAndSort:
    input: ../../results_combinedGSIDs/107420-001-038.vdjca
    output: ../../results_combinedGSIDs/107420-001-038.refined.vdjca, ../../results_combinedGSIDs/107420-001-038.refine.report.txt
    jobid: 175
    reason: Missing output files: ../../results_combinedGSIDs/107420-001-038.refined.vdjca, ../../results_combinedGSIDs/107420-001-038.refine.report.txt
    wildcards: sample=107420-001-038
    threads: 4
    resources: tmpdir=/tmp


[Wed Apr  1 17:25:48 2026]
rule refineTagsAndSort:
    input: ../../results_combinedGSIDs/107420-001-087.vdjca
    output: ../../results_combinedGSIDs/107420-001-087.refined.vdjca, ../../results_combinedGSIDs/107420-001-087.refine.report.txt
    jobid: 148
    reason: Missing output files: ../../results_combinedGSIDs/107420-001-087.refined.vdjca, ../../results_combinedGSIDs/107420-001-087.refine.report.txt
    wildcards: sample=107420-001-087
    threads: 4
    resources: tmpdir=/tmp


[Wed Apr  1 17:25:48 2026]
rule refineTagsAndSort:
    input: ../../results_combinedGSIDs/107420-001-045.vdjca
    output: ../../results_combinedGSIDs/107420-001-045.refined.vdjca, ../../results_combinedGSIDs/107420-001-045.refine.report.txt
    jobid: 118
    reason: Missing output files: ../../results_combinedGSIDs/107420-001-045.refine.report.txt, ../../results_combinedGSIDs/107420-001-045.refined.vdjca
    wildcards: sample=107420-001-045
    threads: 4
    resources: tmpdir=/tmp


[Wed Apr  1 17:25:48 2026]
rule refineTagsAndSort:
    input: ../../results_combinedGSIDs/107420-001-068.vdjca
    output: ../../results_combinedGSIDs/107420-001-068.refined.vdjca, ../../results_combinedGSIDs/107420-001-068.refine.report.txt
    jobid: 178
    reason: Missing output files: ../../results_combinedGSIDs/107420-001-068.refined.vdjca, ../../results_combinedGSIDs/107420-001-068.refine.report.txt
    wildcards: sample=107420-001-068
    threads: 4
    resources: tmpdir=/tmp


[Wed Apr  1 17:25:48 2026]
rule refineTagsAndSort:
    input: ../../results_combinedGSIDs/107420-001-075.vdjca
    output: ../../results_combinedGSIDs/107420-001-075.refined.vdjca, ../../results_combinedGSIDs/107420-001-075.refine.report.txt
    jobid: 141
    reason: Missing output files: ../../results_combinedGSIDs/107420-001-075.refined.vdjca, ../../results_combinedGSIDs/107420-001-075.refine.report.txt
    wildcards: sample=107420-001-075
    threads: 4
    resources: tmpdir=/tmp


[Wed Apr  1 17:25:48 2026]
rule refineTagsAndSort:
    input: ../../results_combinedGSIDs/107420-001-031.vdjca
    output: ../../results_combinedGSIDs/107420-001-031.refined.vdjca, ../../results_combinedGSIDs/107420-001-031.refine.report.txt
    jobid: 115
    reason: Missing output files: ../../results_combinedGSIDs/107420-001-031.refine.report.txt, ../../results_combinedGSIDs/107420-001-031.refined.vdjca
    wildcards: sample=107420-001-031
    threads: 4
    resources: tmpdir=/tmp


[Wed Apr  1 17:25:48 2026]
rule refineTagsAndSort:
    input: ../../results_combinedGSIDs/107420-001-091.vdjca
    output: ../../results_combinedGSIDs/107420-001-091.refined.vdjca, ../../results_combinedGSIDs/107420-001-091.refine.report.txt
    jobid: 145
    reason: Missing output files: ../../results_combinedGSIDs/107420-001-091.refined.vdjca, ../../results_combinedGSIDs/107420-001-091.refine.report.txt
    wildcards: sample=107420-001-091
    threads: 4
    resources: tmpdir=/tmp

[Wed Apr  1 17:28:26 2026]
Finished job 165.
1 of 483 steps (0.2%) done
Select jobs to execute...

[Wed Apr  1 17:28:26 2026]
rule refineTagsAndSort:
    input: ../../results_combinedGSIDs/107420-001-076.vdjca
    output: ../../results_combinedGSIDs/107420-001-076.refined.vdjca, ../../results_combinedGSIDs/107420-001-076.refine.report.txt
    jobid: 142
    reason: Missing output files: ../../results_combinedGSIDs/107420-001-076.refined.vdjca, ../../results_combinedGSIDs/107420-001-076.refine.report.txt
    wildcards: sample=107420-001-076
    threads: 4
    resources: tmpdir=/tmp

[Wed Apr  1 17:29:37 2026]
Finished job 125.
2 of 483 steps (0.4%) done
Select jobs to execute...

[Wed Apr  1 17:29:37 2026]
rule assemble:
    input: ../../results_combinedGSIDs/107420-001-041.refined.vdjca
    output: ../../results_combinedGSIDs/107420-001-041.1.clones.clns, ../../results_combinedGSIDs/107420-001-041.1.assemble.report.txt
    jobid: 250
    reason: Missing output files: ../../results_combinedGSIDs/107420-001-041.1.assemble.report.txt, ../../results_combinedGSIDs/107420-001-041.1.clones.clns; Input files updated by another job: ../../results_combinedGSIDs/107420-001-041.refined.vdjca
    wildcards: sample=107420-001-041, read_threshold=1
    threads: 4
    resources: tmpdir=/tmp

[Wed Apr  1 17:30:55 2026]
Finished job 168.
3 of 483 steps (1%) done
Select jobs to execute...

[Wed Apr  1 17:30:55 2026]
rule assemble:
    input: ../../results_combinedGSIDs/107420-001-049.refined.vdjca
    output: ../../results_combinedGSIDs/107420-001-049.1.clones.clns, ../../results_combinedGSIDs/107420-001-049.1.assemble.report.txt
    jobid: 336
    reason: Missing output files: ../../results_combinedGSIDs/107420-001-049.1.clones.clns, ../../results_combinedGSIDs/107420-001-049.1.assemble.report.txt; Input files updated by another job: ../../results_combinedGSIDs/107420-001-049.refined.vdjca
    wildcards: sample=107420-001-049, read_threshold=1
    threads: 4
    resources: tmpdir=/tmp

[Wed Apr  1 17:32:05 2026]
Finished job 115.
4 of 483 steps (1%) done
Select jobs to execute...

[Wed Apr  1 17:32:05 2026]
rule assemble:
    input: ../../results_combinedGSIDs/107420-001-022.refined.vdjca
    output: ../../results_combinedGSIDs/107420-001-022.1.clones.clns, ../../results_combinedGSIDs/107420-001-022.1.assemble.report.txt
    jobid: 330
    reason: Missing output files: ../../results_combinedGSIDs/107420-001-022.1.clones.clns, ../../results_combinedGSIDs/107420-001-022.1.assemble.report.txt; Input files updated by another job: ../../results_combinedGSIDs/107420-001-022.refined.vdjca
    wildcards: sample=107420-001-022, read_threshold=1
    threads: 4
    resources: tmpdir=/tmp

[Wed Apr  1 17:32:32 2026]
Finished job 141.
5 of 483 steps (1%) done
Select jobs to execute...

[Wed Apr  1 17:32:32 2026]
rule assemble:
    input: ../../results_combinedGSIDs/107420-001-075.refined.vdjca
    output: ../../results_combinedGSIDs/107420-001-075.1.clones.clns, ../../results_combinedGSIDs/107420-001-075.1.assemble.report.txt
    jobid: 282
    reason: Missing output files: ../../results_combinedGSIDs/107420-001-075.1.assemble.report.txt, ../../results_combinedGSIDs/107420-001-075.1.clones.clns; Input files updated by another job: ../../results_combinedGSIDs/107420-001-075.refined.vdjca
    wildcards: sample=107420-001-075, read_threshold=1
    threads: 4
    resources: tmpdir=/tmp

[Wed Apr  1 17:35:44 2026]
Finished job 282.
6 of 483 steps (1%) done
Select jobs to execute...

[Wed Apr  1 17:35:44 2026]
rule export_clones:
    input: ../../results_combinedGSIDs/107420-001-075.1.clones.clns
    output: ../../results_combinedGSIDs/107420-001-075.1.clones.txt
    jobid: 281
    reason: Missing output files: ../../results_combinedGSIDs/107420-001-075.1.clones.txt; Input files updated by another job: ../../results_combinedGSIDs/107420-001-075.1.clones.clns
    wildcards: sample=107420-001-075, read_threshold=1
    threads: 4
    resources: tmpdir=/tmp

[Wed Apr  1 17:35:50 2026]
Finished job 281.
7 of 483 steps (1%) done
Select jobs to execute...

[Wed Apr  1 17:35:50 2026]
rule export_qc_tags:
    input: ../../results_combinedGSIDs/107420-001-075.1.clones.clns
    output: ../../results_combinedGSIDs/107420-001-075.1.coverage.png
    jobid: 444
    reason: Missing output files: ../../results_combinedGSIDs/107420-001-075.1.coverage.png; Input files updated by another job: ../../results_combinedGSIDs/107420-001-075.1.clones.clns
    wildcards: sample=107420-001-075, read_threshold=1
    threads: 4
    resources: tmpdir=/tmp

[Wed Apr  1 17:36:01 2026]
Finished job 444.
8 of 483 steps (2%) done
Select jobs to execute...

[Wed Apr  1 17:36:01 2026]
rule assemble:
    input: ../../results_combinedGSIDs/107420-001-031.refined.vdjca
    output: ../../results_combinedGSIDs/107420-001-031.1.clones.clns, ../../results_combinedGSIDs/107420-001-031.1.assemble.report.txt
    jobid: 230
    reason: Missing output files: ../../results_combinedGSIDs/107420-001-031.1.clones.clns, ../../results_combinedGSIDs/107420-001-031.1.assemble.report.txt; Input files updated by another job: ../../results_combinedGSIDs/107420-001-031.refined.vdjca
    wildcards: sample=107420-001-031, read_threshold=1
    threads: 4
    resources: tmpdir=/tmp

[Wed Apr  1 17:39:55 2026]
Finished job 330.
9 of 483 steps (2%) done
Select jobs to execute...

[Wed Apr  1 17:39:55 2026]
rule export_qc_tags:
    input: ../../results_combinedGSIDs/107420-001-022.1.clones.clns
    output: ../../results_combinedGSIDs/107420-001-022.1.coverage.png
    jobid: 468
    reason: Missing output files: ../../results_combinedGSIDs/107420-001-022.1.coverage.png; Input files updated by another job: ../../results_combinedGSIDs/107420-001-022.1.clones.clns
    wildcards: sample=107420-001-022, read_threshold=1
    threads: 4
    resources: tmpdir=/tmp

[Wed Apr  1 17:40:03 2026]
Finished job 468.
10 of 483 steps (2%) done
Select jobs to execute...

[Wed Apr  1 17:40:03 2026]
rule export_clones:
    input: ../../results_combinedGSIDs/107420-001-022.1.clones.clns
    output: ../../results_combinedGSIDs/107420-001-022.1.clones.txt
    jobid: 329
    reason: Missing output files: ../../results_combinedGSIDs/107420-001-022.1.clones.txt; Input files updated by another job: ../../results_combinedGSIDs/107420-001-022.1.clones.clns
    wildcards: sample=107420-001-022, read_threshold=1
    threads: 4
    resources: tmpdir=/tmp

[Wed Apr  1 17:40:06 2026]
Finished job 329.
11 of 483 steps (2%) done
Select jobs to execute...
[Wed Apr  1 17:41:01 2026]
Finished job 148.
12 of 483 steps (2%) done

[Wed Apr  1 17:41:01 2026]
rule assemble:
    input: ../../results_combinedGSIDs/107420-001-087.refined.vdjca
    output: ../../results_combinedGSIDs/107420-001-087.1.clones.clns, ../../results_combinedGSIDs/107420-001-087.1.assemble.report.txt
    jobid: 296
    reason: Missing output files: ../../results_combinedGSIDs/107420-001-087.1.assemble.report.txt, ../../results_combinedGSIDs/107420-001-087.1.clones.clns; Input files updated by another job: ../../results_combinedGSIDs/107420-001-087.refined.vdjca
    wildcards: sample=107420-001-087, read_threshold=1
    threads: 4
    resources: tmpdir=/tmp

[Wed Apr  1 17:42:37 2026]
Finished job 198.
13 of 483 steps (3%) done
Select jobs to execute...

[Wed Apr  1 17:42:37 2026]
rule assemble:
    input: ../../results_combinedGSIDs/107420-001-084.refined.vdjca
    output: ../../results_combinedGSIDs/107420-001-084.1.clones.clns, ../../results_combinedGSIDs/107420-001-084.1.assemble.report.txt
    jobid: 396
    reason: Missing output files: ../../results_combinedGSIDs/107420-001-084.1.clones.clns, ../../results_combinedGSIDs/107420-001-084.1.assemble.report.txt; Input files updated by another job: ../../results_combinedGSIDs/107420-001-084.refined.vdjca
    wildcards: sample=107420-001-084, read_threshold=1
    threads: 4
    resources: tmpdir=/tmp

[Wed Apr  1 18:34:00 2026]
[Wed Apr  1 18:34:00 2026]
[Wed Apr  1 18:34:00 2026]
Error in rule refineTagsAndSort:
    jobid: 128
    input: ../../results_combinedGSIDs/107420-001-072.vdjca
    output: ../../results_combinedGSIDs/107420-001-072.refined.vdjca, ../../results_combinedGSIDs/107420-001-072.refine.report.txt
    shell:
        
        mixcr-4.7.0 -Xmx50g             refineTagsAndSort             --report ../../results_combinedGSIDs/107420-001-072.refine.report.txt           ../../results_combinedGSIDs/107420-001-072.vdjca ../../results_combinedGSIDs/107420-001-072.refined.vdjca
        
        (one of the commands exited with non-zero exit code; note that snakemake uses bash strict mode!)

Error in rule refineTagsAndSort:
    jobid: 178
    input: ../../results_combinedGSIDs/107420-001-068.vdjca
    output: ../../results_combinedGSIDs/107420-001-068.refined.vdjca, ../../results_combinedGSIDs/107420-001-068.refine.report.txt
    shell:
        
        mixcr-4.7.0 -Xmx50g             refineTagsAndSort             --report ../../results_combinedGSIDs/107420-001-068.refine.report.txt           ../../results_combinedGSIDs/107420-001-068.vdjca ../../results_combinedGSIDs/107420-001-068.refined.vdjca
        
        (one of the commands exited with non-zero exit code; note that snakemake uses bash strict mode!)

Error in rule refineTagsAndSort:
    jobid: 155
    input: ../../results_combinedGSIDs/107420-001-033.vdjca
    output: ../../results_combinedGSIDs/107420-001-033.refined.vdjca, ../../results_combinedGSIDs/107420-001-033.refine.report.txt
    shell:
        
        mixcr-4.7.0 -Xmx50g             refineTagsAndSort             --report ../../results_combinedGSIDs/107420-001-033.refine.report.txt           ../../results_combinedGSIDs/107420-001-033.vdjca ../../results_combinedGSIDs/107420-001-033.refined.vdjca
        
        (one of the commands exited with non-zero exit code; note that snakemake uses bash strict mode!)

Removing output files of failed job refineTagsAndSort since they might be corrupted:
../../results_combinedGSIDs/107420-001-072.refined.vdjca
Removing output files of failed job refineTagsAndSort since they might be corrupted:
../../results_combinedGSIDs/107420-001-068.refined.vdjca
[Wed Apr  1 18:34:01 2026]
Finished job 230.
14 of 483 steps (3%) done
[Wed Apr  1 18:34:01 2026]
Finished job 250.
15 of 483 steps (3%) done
[Wed Apr  1 18:34:03 2026]
Finished job 336.
16 of 483 steps (3%) done
[Wed Apr  1 18:34:03 2026]
Finished job 396.
17 of 483 steps (4%) done
[Wed Apr  1 18:34:03 2026]
Finished job 195.
18 of 483 steps (4%) done
[Wed Apr  1 18:34:03 2026]
Finished job 118.
19 of 483 steps (4%) done
[Wed Apr  1 18:34:04 2026]
Finished job 296.
20 of 483 steps (4%) done
[Wed Apr  1 18:34:04 2026]
Finished job 188.
21 of 483 steps (4%) done
[Wed Apr  1 18:34:05 2026]
Finished job 175.
22 of 483 steps (5%) done
[Wed Apr  1 18:34:05 2026]
Finished job 191.
23 of 483 steps (5%) done
[Wed Apr  1 18:34:05 2026]
Finished job 105.
24 of 483 steps (5%) done
[Wed Apr  1 18:34:05 2026]
Finished job 108.
25 of 483 steps (5%) done
[Wed Apr  1 18:34:05 2026]
Finished job 158.
26 of 483 steps (5%) done
[Wed Apr  1 18:34:05 2026]
Finished job 145.
27 of 483 steps (6%) done
[Wed Apr  1 18:36:34 2026]
Finished job 161.
28 of 483 steps (6%) done
[Wed Apr  1 19:01:49 2026]
Finished job 138.
29 of 483 steps (6%) done
[Wed Apr  1 19:02:43 2026]
Finished job 135.
30 of 483 steps (6%) done
[Wed Apr  1 19:24:02 2026]
Finished job 142.
31 of 483 steps (6%) done
Shutting down, this might take some time.
Exiting because a job execution failed. Look above for error message
Complete log: .snakemake/log/2026-04-01T172547.331623.snakemake.log
