Building DAG of jobs...
Using shell: /usr/bin/bash
Provided cores: 96
Rules claiming more threads will be scaled down.
Job stats:
job                  count
-----------------  -------
align                   41
all                      1
assemble                71
export_clones           75
export_qc_tags          74
refineTagsAndSort       67
total                  329

Select jobs to execute...

[Sun Mar 29 16:12:01 2026]
rule refineTagsAndSort:
    input: ../../results_combineSamples/DYN014_BM_CD4_CD69+.vdjca
    output: ../../results_combineSamples/DYN014_BM_CD4_CD69+.refined.vdjca, ../../results_combineSamples/DYN014_BM_CD4_CD69+.refine.report.txt
    jobid: 105
    reason: Missing output files: ../../results_combineSamples/DYN014_BM_CD4_CD69+.refine.report.txt, ../../results_combineSamples/DYN014_BM_CD4_CD69+.refined.vdjca
    wildcards: sample=DYN014_BM_CD4_CD69+
    threads: 16
    resources: tmpdir=/tmp


[Sun Mar 29 16:12:01 2026]
rule refineTagsAndSort:
    input: ../../results_combineSamples/A25_Fat_CD4_CD69-.vdjca
    output: ../../results_combineSamples/A25_Fat_CD4_CD69-.refined.vdjca, ../../results_combineSamples/A25_Fat_CD4_CD69-.refine.report.txt
    jobid: 135
    reason: Missing output files: ../../results_combineSamples/A25_Fat_CD4_CD69-.refine.report.txt, ../../results_combineSamples/A25_Fat_CD4_CD69-.refined.vdjca
    wildcards: sample=A25_Fat_CD4_CD69-
    threads: 16
    resources: tmpdir=/tmp


[Sun Mar 29 16:12:01 2026]
rule refineTagsAndSort:
    input: ../../results_combineSamples/A26_Skin_CD8_CD69+.vdjca
    output: ../../results_combineSamples/A26_Skin_CD8_CD69+.refined.vdjca, ../../results_combineSamples/A26_Skin_CD8_CD69+.refine.report.txt
    jobid: 95
    reason: Missing output files: ../../results_combineSamples/A26_Skin_CD8_CD69+.refined.vdjca, ../../results_combineSamples/A26_Skin_CD8_CD69+.refine.report.txt
    wildcards: sample=A26_Skin_CD8_CD69+
    threads: 16
    resources: tmpdir=/tmp


[Sun Mar 29 16:12:01 2026]
rule refineTagsAndSort:
    input: ../../results_combineSamples/DYN013_BM_CD4_CD69+.vdjca
    output: ../../results_combineSamples/DYN013_BM_CD4_CD69+.refined.vdjca, ../../results_combineSamples/DYN013_BM_CD4_CD69+.refine.report.txt
    jobid: 98
    reason: Missing output files: ../../results_combineSamples/DYN013_BM_CD4_CD69+.refine.report.txt, ../../results_combineSamples/DYN013_BM_CD4_CD69+.refined.vdjca
    wildcards: sample=DYN013_BM_CD4_CD69+
    threads: 16
    resources: tmpdir=/tmp


[Sun Mar 29 16:12:01 2026]
rule refineTagsAndSort:
    input: ../../results_combineSamples/DYN013_Blood_CD4_EM+EMRA.vdjca
    output: ../../results_combineSamples/DYN013_Blood_CD4_EM+EMRA.refined.vdjca, ../../results_combineSamples/DYN013_Blood_CD4_EM+EMRA.refine.report.txt
    jobid: 142
    reason: Missing output files: ../../results_combineSamples/DYN013_Blood_CD4_EM+EMRA.refined.vdjca, ../../results_combineSamples/DYN013_Blood_CD4_EM+EMRA.refine.report.txt
    wildcards: sample=DYN013_Blood_CD4_EM+EMRA
    threads: 16
    resources: tmpdir=/tmp


[Sun Mar 29 16:12:01 2026]
rule refineTagsAndSort:
    input: ../../results_combineSamples/DYN011_Blood_CD8_EM+CM.vdjca
    output: ../../results_combineSamples/DYN011_Blood_CD8_EM+CM.refined.vdjca, ../../results_combineSamples/DYN011_Blood_CD8_EM+CM.refine.report.txt
    jobid: 128
    reason: Missing output files: ../../results_combineSamples/DYN011_Blood_CD8_EM+CM.refined.vdjca, ../../results_combineSamples/DYN011_Blood_CD8_EM+CM.refine.report.txt
    wildcards: sample=DYN011_Blood_CD8_EM+CM
    threads: 16
    resources: tmpdir=/tmp

[Sun Mar 29 16:17:51 2026]
Finished job 135.
1 of 329 steps (0.3%) done
Select jobs to execute...

[Sun Mar 29 16:17:51 2026]
rule refineTagsAndSort:
    input: ../../results_combineSamples/DYN014_Blood_CD8_EMRA.vdjca
    output: ../../results_combineSamples/DYN014_Blood_CD8_EMRA.refined.vdjca, ../../results_combineSamples/DYN014_Blood_CD8_EMRA.refine.report.txt
    jobid: 150
    reason: Missing output files: ../../results_combineSamples/DYN014_Blood_CD8_EMRA.refine.report.txt, ../../results_combineSamples/DYN014_Blood_CD8_EMRA.refined.vdjca
    wildcards: sample=DYN014_Blood_CD8_EMRA
    threads: 16
    resources: tmpdir=/tmp

[Sun Mar 29 16:18:44 2026]
Finished job 95.
2 of 329 steps (1%) done
Select jobs to execute...

[Sun Mar 29 16:18:44 2026]
rule refineTagsAndSort:
    input: ../../results_combineSamples/A20_Skin_CD8_CD69+.vdjca
    output: ../../results_combineSamples/A20_Skin_CD8_CD69+.refined.vdjca, ../../results_combineSamples/A20_Skin_CD8_CD69+.refine.report.txt
    jobid: 82
    reason: Missing output files: ../../results_combineSamples/A20_Skin_CD8_CD69+.refined.vdjca, ../../results_combineSamples/A20_Skin_CD8_CD69+.refine.report.txt
    wildcards: sample=A20_Skin_CD8_CD69+
    threads: 16
    resources: tmpdir=/tmp

[Sun Mar 29 16:27:32 2026]
Finished job 82.
3 of 329 steps (1%) done
Select jobs to execute...

[Sun Mar 29 16:27:32 2026]
rule refineTagsAndSort:
    input: ../../results_combineSamples/A25_Blood_CD8_EM+CM.vdjca
    output: ../../results_combineSamples/A25_Blood_CD8_EM+CM.refined.vdjca, ../../results_combineSamples/A25_Blood_CD8_EM+CM.refine.report.txt
    jobid: 86
    reason: Missing output files: ../../results_combineSamples/A25_Blood_CD8_EM+CM.refine.report.txt, ../../results_combineSamples/A25_Blood_CD8_EM+CM.refined.vdjca
    wildcards: sample=A25_Blood_CD8_EM+CM
    threads: 16
    resources: tmpdir=/tmp

[Sun Mar 29 17:04:56 2026]
Finished job 128.
4 of 329 steps (1%) done
Select jobs to execute...

[Sun Mar 29 17:04:56 2026]
rule refineTagsAndSort:
    input: ../../results_combineSamples/DYN013_BM_CD4_CD69-.vdjca
    output: ../../results_combineSamples/DYN013_BM_CD4_CD69-.refined.vdjca, ../../results_combineSamples/DYN013_BM_CD4_CD69-.refine.report.txt
    jobid: 99
    reason: Missing output files: ../../results_combineSamples/DYN013_BM_CD4_CD69-.refined.vdjca, ../../results_combineSamples/DYN013_BM_CD4_CD69-.refine.report.txt
    wildcards: sample=DYN013_BM_CD4_CD69-
    threads: 16
    resources: tmpdir=/tmp

[Sun Mar 29 17:05:29 2026]
Finished job 105.
5 of 329 steps (2%) done
Select jobs to execute...

[Sun Mar 29 17:05:29 2026]
rule refineTagsAndSort:
    input: ../../results_combineSamples/DYN014_Blood_CD4_CM.vdjca
    output: ../../results_combineSamples/DYN014_Blood_CD4_CM.refined.vdjca, ../../results_combineSamples/DYN014_Blood_CD4_CM.refine.report.txt
    jobid: 148
    reason: Missing output files: ../../results_combineSamples/DYN014_Blood_CD4_CM.refined.vdjca, ../../results_combineSamples/DYN014_Blood_CD4_CM.refine.report.txt
    wildcards: sample=DYN014_Blood_CD4_CM
    threads: 16
    resources: tmpdir=/tmp

[Sun Mar 29 17:05:39 2026]
Finished job 150.
6 of 329 steps (2%) done
Select jobs to execute...

[Sun Mar 29 17:05:39 2026]
rule refineTagsAndSort:
    input: ../../results_combineSamples/DYN011_BM_CD8_CD69+.vdjca
    output: ../../results_combineSamples/DYN011_BM_CD8_CD69+.refined.vdjca, ../../results_combineSamples/DYN011_BM_CD8_CD69+.refine.report.txt
    jobid: 132
    reason: Missing output files: ../../results_combineSamples/DYN011_BM_CD8_CD69+.refined.vdjca, ../../results_combineSamples/DYN011_BM_CD8_CD69+.refine.report.txt
    wildcards: sample=DYN011_BM_CD8_CD69+
    threads: 16
    resources: tmpdir=/tmp

[Sun Mar 29 17:31:09 2026]
Finished job 132.
7 of 329 steps (2%) done
Select jobs to execute...

[Sun Mar 29 17:31:09 2026]
rule refineTagsAndSort:
    input: ../../results_combineSamples/A20_Blood_CD4_CM.vdjca
    output: ../../results_combineSamples/A20_Blood_CD4_CM.refined.vdjca, ../../results_combineSamples/A20_Blood_CD4_CM.refine.report.txt
    jobid: 76
    reason: Missing output files: ../../results_combineSamples/A20_Blood_CD4_CM.refine.report.txt, ../../results_combineSamples/A20_Blood_CD4_CM.refined.vdjca
    wildcards: sample=A20_Blood_CD4_CM
    threads: 16
    resources: tmpdir=/tmp

[Sun Mar 29 18:05:03 2026]
Finished job 99.
8 of 329 steps (2%) done
Select jobs to execute...

[Sun Mar 29 18:05:03 2026]
rule refineTagsAndSort:
    input: ../../results_combineSamples/A25_Fat_CD8_CD69-.vdjca
    output: ../../results_combineSamples/A25_Fat_CD8_CD69-.refined.vdjca, ../../results_combineSamples/A25_Fat_CD8_CD69-.refine.report.txt
    jobid: 88
    reason: Missing output files: ../../results_combineSamples/A25_Fat_CD8_CD69-.refined.vdjca, ../../results_combineSamples/A25_Fat_CD8_CD69-.refine.report.txt
    wildcards: sample=A25_Fat_CD8_CD69-
    threads: 16
    resources: tmpdir=/tmp

[Sun Mar 29 18:27:09 2026]
Finished job 88.
9 of 329 steps (3%) done
Select jobs to execute...

[Sun Mar 29 18:27:09 2026]
rule refineTagsAndSort:
    input: ../../results_combineSamples/DYN014_BM_CD4_TregMemory.vdjca
    output: ../../results_combineSamples/DYN014_BM_CD4_TregMemory.refined.vdjca, ../../results_combineSamples/DYN014_BM_CD4_TregMemory.refine.report.txt
    jobid: 146
    reason: Missing output files: ../../results_combineSamples/DYN014_BM_CD4_TregMemory.refine.report.txt, ../../results_combineSamples/DYN014_BM_CD4_TregMemory.refined.vdjca
    wildcards: sample=DYN014_BM_CD4_TregMemory
    threads: 16
    resources: tmpdir=/tmp

[Sun Mar 29 18:32:02 2026]
Finished job 86.
10 of 329 steps (3%) done
Select jobs to execute...

[Sun Mar 29 18:32:02 2026]
rule refineTagsAndSort:
    input: ../../results_combineSamples/DYN014_BM_CD8_CD69+.vdjca
    output: ../../results_combineSamples/DYN014_BM_CD8_CD69+.refined.vdjca, ../../results_combineSamples/DYN014_BM_CD8_CD69+.refine.report.txt
    jobid: 106
    reason: Missing output files: ../../results_combineSamples/DYN014_BM_CD8_CD69+.refined.vdjca, ../../results_combineSamples/DYN014_BM_CD8_CD69+.refine.report.txt
    wildcards: sample=DYN014_BM_CD8_CD69+
    threads: 16
    resources: tmpdir=/tmp

[Sun Mar 29 18:38:04 2026]
Finished job 146.
11 of 329 steps (3%) done
Select jobs to execute...

[Sun Mar 29 18:38:04 2026]
rule refineTagsAndSort:
    input: ../../results_combineSamples/A20_Blood_CD4_N.vdjca
    output: ../../results_combineSamples/A20_Blood_CD4_N.refined.vdjca, ../../results_combineSamples/A20_Blood_CD4_N.refine.report.txt
    jobid: 77
    reason: Missing output files: ../../results_combineSamples/A20_Blood_CD4_N.refine.report.txt, ../../results_combineSamples/A20_Blood_CD4_N.refined.vdjca
    wildcards: sample=A20_Blood_CD4_N
    threads: 16
    resources: tmpdir=/tmp

[Sun Mar 29 19:23:14 2026]
Finished job 98.
12 of 329 steps (4%) done
Select jobs to execute...

[Sun Mar 29 19:23:14 2026]
rule refineTagsAndSort:
    input: ../../results_combineSamples/A21_Fat_CD4_CD69-.vdjca
    output: ../../results_combineSamples/A21_Fat_CD4_CD69-.refined.vdjca, ../../results_combineSamples/A21_Fat_CD4_CD69-.refine.report.txt
    jobid: 122
    reason: Missing output files: ../../results_combineSamples/A21_Fat_CD4_CD69-.refined.vdjca, ../../results_combineSamples/A21_Fat_CD4_CD69-.refine.report.txt
    wildcards: sample=A21_Fat_CD4_CD69-
    threads: 16
    resources: tmpdir=/tmp

[Sun Mar 29 19:26:22 2026]
Finished job 122.
13 of 329 steps (4%) done
Select jobs to execute...

[Sun Mar 29 19:26:22 2026]
rule refineTagsAndSort:
    input: ../../results_combineSamples/A20_Blood_CD8_EMRA.vdjca
    output: ../../results_combineSamples/A20_Blood_CD8_EMRA.refined.vdjca, ../../results_combineSamples/A20_Blood_CD8_EMRA.refine.report.txt
    jobid: 79
    reason: Missing output files: ../../results_combineSamples/A20_Blood_CD8_EMRA.refine.report.txt, ../../results_combineSamples/A20_Blood_CD8_EMRA.refined.vdjca
    wildcards: sample=A20_Blood_CD8_EMRA
    threads: 16
    resources: tmpdir=/tmp

[Sun Mar 29 19:28:20 2026]
Finished job 77.
14 of 329 steps (4%) done
Select jobs to execute...

[Sun Mar 29 19:28:20 2026]
rule refineTagsAndSort:
    input: ../../results_combineSamples/A21_Blood_CD4_N.vdjca
    output: ../../results_combineSamples/A21_Blood_CD4_N.refined.vdjca, ../../results_combineSamples/A21_Blood_CD4_N.refine.report.txt
    jobid: 130
    reason: Missing output files: ../../results_combineSamples/A21_Blood_CD4_N.refined.vdjca, ../../results_combineSamples/A21_Blood_CD4_N.refine.report.txt
    wildcards: sample=A21_Blood_CD4_N
    threads: 16
    resources: tmpdir=/tmp

[Sun Mar 29 19:55:07 2026]
Finished job 148.
15 of 329 steps (5%) done
Select jobs to execute...

[Sun Mar 29 19:55:07 2026]
rule refineTagsAndSort:
    input: ../../results_combineSamples/DYN011_Blood_CD8_EMRA.vdjca
    output: ../../results_combineSamples/DYN011_Blood_CD8_EMRA.refined.vdjca, ../../results_combineSamples/DYN011_Blood_CD8_EMRA.refine.report.txt
    jobid: 139
    reason: Missing output files: ../../results_combineSamples/DYN011_Blood_CD8_EMRA.refine.report.txt, ../../results_combineSamples/DYN011_Blood_CD8_EMRA.refined.vdjca
    wildcards: sample=DYN011_Blood_CD8_EMRA
    threads: 16
    resources: tmpdir=/tmp

[Sun Mar 29 20:13:49 2026]
Finished job 79.
16 of 329 steps (5%) done
Select jobs to execute...

[Sun Mar 29 20:13:49 2026]
rule refineTagsAndSort:
    input: ../../results_combineSamples/A26_Fat_CD4_CD69-.vdjca
    output: ../../results_combineSamples/A26_Fat_CD4_CD69-.refined.vdjca, ../../results_combineSamples/A26_Fat_CD4_CD69-.refine.report.txt
    jobid: 92
    reason: Missing output files: ../../results_combineSamples/A26_Fat_CD4_CD69-.refined.vdjca, ../../results_combineSamples/A26_Fat_CD4_CD69-.refine.report.txt
    wildcards: sample=A26_Fat_CD4_CD69-
    threads: 16
    resources: tmpdir=/tmp

[Sun Mar 29 20:21:58 2026]
Finished job 92.
17 of 329 steps (5%) done
Select jobs to execute...

[Sun Mar 29 20:21:58 2026]
rule refineTagsAndSort:
    input: ../../results_combineSamples/A20_Fat_CD8_CD69+.vdjca
    output: ../../results_combineSamples/A20_Fat_CD8_CD69+.refined.vdjca, ../../results_combineSamples/A20_Fat_CD8_CD69+.refine.report.txt
    jobid: 125
    reason: Missing output files: ../../results_combineSamples/A20_Fat_CD8_CD69+.refine.report.txt, ../../results_combineSamples/A20_Fat_CD8_CD69+.refined.vdjca
    wildcards: sample=A20_Fat_CD8_CD69+
    threads: 16
    resources: tmpdir=/tmp

[Sun Mar 29 20:25:23 2026]
Finished job 142.
18 of 329 steps (5%) done
Select jobs to execute...

[Sun Mar 29 20:25:23 2026]
rule refineTagsAndSort:
    input: ../../results_combineSamples/DYN013_Blood_CD4_CM.vdjca
    output: ../../results_combineSamples/DYN013_Blood_CD4_CM.refined.vdjca, ../../results_combineSamples/DYN013_Blood_CD4_CM.refine.report.txt
    jobid: 102
    reason: Missing output files: ../../results_combineSamples/DYN013_Blood_CD4_CM.refine.report.txt, ../../results_combineSamples/DYN013_Blood_CD4_CM.refined.vdjca
    wildcards: sample=DYN013_Blood_CD4_CM
    threads: 16
    resources: tmpdir=/tmp

[Sun Mar 29 20:25:42 2026]
Finished job 139.
19 of 329 steps (6%) done
Select jobs to execute...

[Sun Mar 29 20:25:42 2026]
rule refineTagsAndSort:
    input: ../../results_combineSamples/A21_Fat_CD8_CD69-.vdjca
    output: ../../results_combineSamples/A21_Fat_CD8_CD69-.refined.vdjca, ../../results_combineSamples/A21_Fat_CD8_CD69-.refine.report.txt
    jobid: 112
    reason: Missing output files: ../../results_combineSamples/A21_Fat_CD8_CD69-.refine.report.txt, ../../results_combineSamples/A21_Fat_CD8_CD69-.refined.vdjca
    wildcards: sample=A21_Fat_CD8_CD69-
    threads: 16
    resources: tmpdir=/tmp

[Sun Mar 29 20:31:36 2026]
Finished job 112.
20 of 329 steps (6%) done
Select jobs to execute...

[Sun Mar 29 20:31:36 2026]
rule refineTagsAndSort:
    input: ../../results_combineSamples/DYN011_Blood_CD4_CM.vdjca
    output: ../../results_combineSamples/DYN011_Blood_CD4_CM.refined.vdjca, ../../results_combineSamples/DYN011_Blood_CD4_CM.refine.report.txt
    jobid: 115
    reason: Missing output files: ../../results_combineSamples/DYN011_Blood_CD4_CM.refined.vdjca, ../../results_combineSamples/DYN011_Blood_CD4_CM.refine.report.txt
    wildcards: sample=DYN011_Blood_CD4_CM
    threads: 16
    resources: tmpdir=/tmp

[Sun Mar 29 20:35:18 2026]
Finished job 115.
21 of 329 steps (6%) done
Select jobs to execute...
[Sun Mar 29 20:42:37 2026]
Finished job 125.
22 of 329 steps (7%) done
[Sun Mar 29 20:52:41 2026]
Finished job 76.
23 of 329 steps (7%) done
[Sun Mar 29 21:13:04 2026]
Finished job 106.
24 of 329 steps (7%) done
[Sun Mar 29 21:13:38 2026]
Finished job 130.
25 of 329 steps (8%) done
Terminating processes on user request, this might take some time.
[Sun Mar 29 21:31:37 2026]
Error in rule refineTagsAndSort:
    jobid: 102
    input: ../../results_combineSamples/DYN013_Blood_CD4_CM.vdjca
    output: ../../results_combineSamples/DYN013_Blood_CD4_CM.refined.vdjca, ../../results_combineSamples/DYN013_Blood_CD4_CM.refine.report.txt
    shell:
        
        mixcr-4.7.0 -Xmx60g             refineTagsAndSort             --report ../../results_combineSamples/DYN013_Blood_CD4_CM.refine.report.txt           ../../results_combineSamples/DYN013_Blood_CD4_CM.vdjca ../../results_combineSamples/DYN013_Blood_CD4_CM.refined.vdjca
        
        (one of the commands exited with non-zero exit code; note that snakemake uses bash strict mode!)

Complete log: .snakemake/log/2026-03-29T161159.948793.snakemake.log
