Building DAG of jobs...
Using shell: /usr/bin/bash
Provided cores: 96
Rules claiming more threads will be scaled down.
Job stats:
job                  count
-----------------  -------
align                   41
all                      1
assemble                71
export_clones           75
export_qc_tags          74
refineTagsAndSort       42
total                  304

Select jobs to execute...

[Sun Mar 29 21:34:46 2026]
rule align:
    input: ../../data/combined_fastq/A20_Fat_CD4_CD69-_R1.fastq.gz, ../../data/combined_fastq/A20_Fat_CD4_CD69-_R2.fastq.gz
    output: ../../results_combineSamples/A20_Fat_CD4_CD69-.vdjca, ../../results_combineSamples/A20_Fat_CD4_CD69-.align.report.txt
    jobid: 5
    reason: Missing output files: ../../results_combineSamples/A20_Fat_CD4_CD69-.align.report.txt, ../../results_combineSamples/A20_Fat_CD4_CD69-.vdjca
    wildcards: sample=A20_Fat_CD4_CD69-
    threads: 96
    resources: tmpdir=/tmp

[Sun Mar 29 21:36:53 2026]
Finished job 5.
1 of 304 steps (0.3%) done
Select jobs to execute...

[Sun Mar 29 21:36:53 2026]
rule align:
    input: ../../data/combined_fastq/DYN013_Blood_CD4_TregMemory_R1.fastq.gz, ../../data/combined_fastq/DYN013_Blood_CD4_TregMemory_R2.fastq.gz
    output: ../../results_combineSamples/DYN013_Blood_CD4_TregMemory.vdjca, ../../results_combineSamples/DYN013_Blood_CD4_TregMemory.align.report.txt
    jobid: 28
    reason: Missing output files: ../../results_combineSamples/DYN013_Blood_CD4_TregMemory.vdjca, ../../results_combineSamples/DYN013_Blood_CD4_TregMemory.align.report.txt
    wildcards: sample=DYN013_Blood_CD4_TregMemory
    threads: 96
    resources: tmpdir=/tmp

[Sun Mar 29 21:46:11 2026]
Finished job 28.
2 of 304 steps (1%) done
Select jobs to execute...

[Sun Mar 29 21:46:11 2026]
rule align:
    input: ../../data/combined_fastq/DYN013_BM_CD4_TregNaive_R1.fastq.gz, ../../data/combined_fastq/DYN013_BM_CD4_TregNaive_R2.fastq.gz
    output: ../../results_combineSamples/DYN013_BM_CD4_TregNaive.vdjca, ../../results_combineSamples/DYN013_BM_CD4_TregNaive.align.report.txt
    jobid: 25
    reason: Missing output files: ../../results_combineSamples/DYN013_BM_CD4_TregNaive.vdjca, ../../results_combineSamples/DYN013_BM_CD4_TregNaive.align.report.txt
    wildcards: sample=DYN013_BM_CD4_TregNaive
    threads: 96
    resources: tmpdir=/tmp

[Sun Mar 29 21:46:55 2026]
Finished job 25.
3 of 304 steps (1%) done
Select jobs to execute...

[Sun Mar 29 21:46:56 2026]
rule align:
    input: ../../data/combined_fastq/A26_Fat_CD8_CD69-_R1.fastq.gz, ../../data/combined_fastq/A26_Fat_CD8_CD69-_R2.fastq.gz
    output: ../../results_combineSamples/A26_Fat_CD8_CD69-.vdjca, ../../results_combineSamples/A26_Fat_CD8_CD69-.align.report.txt
    jobid: 18
    reason: Missing output files: ../../results_combineSamples/A26_Fat_CD8_CD69-.vdjca, ../../results_combineSamples/A26_Fat_CD8_CD69-.align.report.txt
    wildcards: sample=A26_Fat_CD8_CD69-
    threads: 96
    resources: tmpdir=/tmp

[Sun Mar 29 21:48:35 2026]
Finished job 18.
4 of 304 steps (1%) done
Select jobs to execute...

[Sun Mar 29 21:48:35 2026]
rule align:
    input: ../../data/combined_fastq/A25_Fat_CD8_CD69+_R1.fastq.gz, ../../data/combined_fastq/A25_Fat_CD8_CD69+_R2.fastq.gz
    output: ../../results_combineSamples/A25_Fat_CD8_CD69+.vdjca, ../../results_combineSamples/A25_Fat_CD8_CD69+.align.report.txt
    jobid: 45
    reason: Missing output files: ../../results_combineSamples/A25_Fat_CD8_CD69+.vdjca, ../../results_combineSamples/A25_Fat_CD8_CD69+.align.report.txt
    wildcards: sample=A25_Fat_CD8_CD69+
    threads: 96
    resources: tmpdir=/tmp

[Sun Mar 29 21:49:59 2026]
Finished job 45.
5 of 304 steps (2%) done
Select jobs to execute...

[Sun Mar 29 21:49:59 2026]
rule refineTagsAndSort:
    input: ../../results_combineSamples/DYN013_Blood_CD4_TregMemory.vdjca
    output: ../../results_combineSamples/DYN013_Blood_CD4_TregMemory.refined.vdjca, ../../results_combineSamples/DYN013_Blood_CD4_TregMemory.refine.report.txt
    jobid: 103
    reason: Missing output files: ../../results_combineSamples/DYN013_Blood_CD4_TregMemory.refined.vdjca, ../../results_combineSamples/DYN013_Blood_CD4_TregMemory.refine.report.txt; Input files updated by another job: ../../results_combineSamples/DYN013_Blood_CD4_TregMemory.vdjca
    wildcards: sample=DYN013_Blood_CD4_TregMemory
    threads: 16
    resources: tmpdir=/tmp


[Sun Mar 29 21:49:59 2026]
rule assemble:
    input: ../../results_combineSamples/A20_Skin_CD8_CD69+.refined.vdjca
    output: ../../results_combineSamples/A20_Skin_CD8_CD69+.1.clones.clns, ../../results_combineSamples/A20_Skin_CD8_CD69+.1.assemble.report.txt
    jobid: 164
    reason: Missing output files: ../../results_combineSamples/A20_Skin_CD8_CD69+.1.assemble.report.txt, ../../results_combineSamples/A20_Skin_CD8_CD69+.1.clones.clns
    wildcards: sample=A20_Skin_CD8_CD69+, read_threshold=1
    threads: 16
    resources: tmpdir=/tmp


[Sun Mar 29 21:49:59 2026]
rule refineTagsAndSort:
    input: ../../results_combineSamples/A20_Fat_CD4_CD69-.vdjca
    output: ../../results_combineSamples/A20_Fat_CD4_CD69-.refined.vdjca, ../../results_combineSamples/A20_Fat_CD4_CD69-.refine.report.txt
    jobid: 80
    reason: Missing output files: ../../results_combineSamples/A20_Fat_CD4_CD69-.refined.vdjca, ../../results_combineSamples/A20_Fat_CD4_CD69-.refine.report.txt; Input files updated by another job: ../../results_combineSamples/A20_Fat_CD4_CD69-.vdjca
    wildcards: sample=A20_Fat_CD4_CD69-
    threads: 16
    resources: tmpdir=/tmp


[Sun Mar 29 21:49:59 2026]
rule assemble:
    input: ../../results_combineSamples/DYN011_BM_CD8_CD69+.refined.vdjca
    output: ../../results_combineSamples/DYN011_BM_CD8_CD69+.1.clones.clns, ../../results_combineSamples/DYN011_BM_CD8_CD69+.1.assemble.report.txt
    jobid: 264
    reason: Missing output files: ../../results_combineSamples/DYN011_BM_CD8_CD69+.1.clones.clns, ../../results_combineSamples/DYN011_BM_CD8_CD69+.1.assemble.report.txt
    wildcards: sample=DYN011_BM_CD8_CD69+, read_threshold=1
    threads: 16
    resources: tmpdir=/tmp


[Sun Mar 29 21:49:59 2026]
rule assemble:
    input: ../../results_combineSamples/DYN011_Blood_CD8_EMRA.refined.vdjca
    output: ../../results_combineSamples/DYN011_Blood_CD8_EMRA.1.clones.clns, ../../results_combineSamples/DYN011_Blood_CD8_EMRA.1.assemble.report.txt
    jobid: 278
    reason: Missing output files: ../../results_combineSamples/DYN011_Blood_CD8_EMRA.1.clones.clns, ../../results_combineSamples/DYN011_Blood_CD8_EMRA.1.assemble.report.txt
    wildcards: sample=DYN011_Blood_CD8_EMRA, read_threshold=1
    threads: 16
    resources: tmpdir=/tmp


[Sun Mar 29 21:49:59 2026]
rule assemble:
    input: ../../results_combineSamples/DYN013_Blood_CD4_EM+EMRA.refined.vdjca
    output: ../../results_combineSamples/DYN013_Blood_CD4_EM+EMRA.1.clones.clns, ../../results_combineSamples/DYN013_Blood_CD4_EM+EMRA.1.assemble.report.txt
    jobid: 284
    reason: Missing output files: ../../results_combineSamples/DYN013_Blood_CD4_EM+EMRA.1.clones.clns, ../../results_combineSamples/DYN013_Blood_CD4_EM+EMRA.1.assemble.report.txt
    wildcards: sample=DYN013_Blood_CD4_EM+EMRA, read_threshold=1
    threads: 16
    resources: tmpdir=/tmp

[Sun Mar 29 21:59:15 2026]
Finished job 80.
6 of 304 steps (2%) done
Select jobs to execute...

[Sun Mar 29 21:59:15 2026]
rule assemble:
    input: ../../results_combineSamples/DYN014_Blood_CD4_CM.refined.vdjca
    output: ../../results_combineSamples/DYN014_Blood_CD4_CM.1.clones.clns, ../../results_combineSamples/DYN014_Blood_CD4_CM.1.assemble.report.txt
    jobid: 296
    reason: Missing output files: ../../results_combineSamples/DYN014_Blood_CD4_CM.1.clones.clns, ../../results_combineSamples/DYN014_Blood_CD4_CM.1.assemble.report.txt
    wildcards: sample=DYN014_Blood_CD4_CM, read_threshold=1
    threads: 16
    resources: tmpdir=/tmp

[Sun Mar 29 22:20:54 2026]
Finished job 164.
7 of 304 steps (2%) done
Select jobs to execute...

[Sun Mar 29 22:20:54 2026]
rule assemble:
    input: ../../results_combineSamples/DYN014_Blood_CD8_EM+CM.refined.vdjca
    output: ../../results_combineSamples/DYN014_Blood_CD8_EM+CM.1.clones.clns, ../../results_combineSamples/DYN014_Blood_CD8_EM+CM.1.assemble.report.txt
    jobid: 220
    reason: Missing output files: ../../results_combineSamples/DYN014_Blood_CD8_EM+CM.1.clones.clns, ../../results_combineSamples/DYN014_Blood_CD8_EM+CM.1.assemble.report.txt
    wildcards: sample=DYN014_Blood_CD8_EM+CM, read_threshold=1
    threads: 16
    resources: tmpdir=/tmp

[Sun Mar 29 22:30:22 2026]
Finished job 220.
8 of 304 steps (3%) done
Select jobs to execute...

[Sun Mar 29 22:30:22 2026]
rule assemble:
    input: ../../results_combineSamples/DYN013_BM_CD4_CD69+.refined.vdjca
    output: ../../results_combineSamples/DYN013_BM_CD4_CD69+.1.clones.clns, ../../results_combineSamples/DYN013_BM_CD4_CD69+.1.assemble.report.txt
    jobid: 196
    reason: Missing output files: ../../results_combineSamples/DYN013_BM_CD4_CD69+.1.clones.clns, ../../results_combineSamples/DYN013_BM_CD4_CD69+.1.assemble.report.txt
    wildcards: sample=DYN013_BM_CD4_CD69+, read_threshold=1
    threads: 16
    resources: tmpdir=/tmp

[Sun Mar 29 22:52:56 2026]
Finished job 278.
9 of 304 steps (3%) done
Select jobs to execute...

[Sun Mar 29 22:52:56 2026]
rule assemble:
    input: ../../results_combineSamples/A26_Blood_CD8_EM+CM.refined.vdjca
    output: ../../results_combineSamples/A26_Blood_CD8_EM+CM.1.clones.clns, ../../results_combineSamples/A26_Blood_CD8_EM+CM.1.assemble.report.txt
    jobid: 238
    reason: Missing output files: ../../results_combineSamples/A26_Blood_CD8_EM+CM.1.assemble.report.txt, ../../results_combineSamples/A26_Blood_CD8_EM+CM.1.clones.clns
    wildcards: sample=A26_Blood_CD8_EM+CM, read_threshold=1
    threads: 16
    resources: tmpdir=/tmp

[Sun Mar 29 23:14:02 2026]
Finished job 264.
10 of 304 steps (3%) done
Select jobs to execute...

[Sun Mar 29 23:14:02 2026]
rule assemble:
    input: ../../results_combineSamples/A20_Blood_CD4_N.refined.vdjca
    output: ../../results_combineSamples/A20_Blood_CD4_N.1.clones.clns, ../../results_combineSamples/A20_Blood_CD4_N.1.assemble.report.txt
    jobid: 154
    reason: Missing output files: ../../results_combineSamples/A20_Blood_CD4_N.1.clones.clns, ../../results_combineSamples/A20_Blood_CD4_N.1.assemble.report.txt
    wildcards: sample=A20_Blood_CD4_N, read_threshold=1
    threads: 16
    resources: tmpdir=/tmp

Terminating processes on user request, this might take some time.
[Sun Mar 29 23:22:14 2026]
Error in rule assemble:
    jobid: 154
    input: ../../results_combineSamples/A20_Blood_CD4_N.refined.vdjca
    output: ../../results_combineSamples/A20_Blood_CD4_N.1.clones.clns, ../../results_combineSamples/A20_Blood_CD4_N.1.assemble.report.txt
    shell:
        
        mixcr-4.7.0 -Xmx65g assemble           --assemble-clonotypes-by CDR3           -Passembler.minRecordsPerConsensus=1           -r ../../results_combineSamples/A20_Blood_CD4_N.1.assemble.report.txt           ../../results_combineSamples/A20_Blood_CD4_N.refined.vdjca ../../results_combineSamples/A20_Blood_CD4_N.1.clones.clns
        
        (one of the commands exited with non-zero exit code; note that snakemake uses bash strict mode!)

[Sun Mar 29 23:22:14 2026]
Error in rule assemble:
    jobid: 238
    input: ../../results_combineSamples/A26_Blood_CD8_EM+CM.refined.vdjca
    output: ../../results_combineSamples/A26_Blood_CD8_EM+CM.1.clones.clns, ../../results_combineSamples/A26_Blood_CD8_EM+CM.1.assemble.report.txt
    shell:
        
        mixcr-4.7.0 -Xmx65g assemble           --assemble-clonotypes-by CDR3           -Passembler.minRecordsPerConsensus=1           -r ../../results_combineSamples/A26_Blood_CD8_EM+CM.1.assemble.report.txt           ../../results_combineSamples/A26_Blood_CD8_EM+CM.refined.vdjca ../../results_combineSamples/A26_Blood_CD8_EM+CM.1.clones.clns
        
        (one of the commands exited with non-zero exit code; note that snakemake uses bash strict mode!)

[Sun Mar 29 23:22:15 2026]
Error in rule refineTagsAndSort:
    jobid: 103
    input: ../../results_combineSamples/DYN013_Blood_CD4_TregMemory.vdjca
    output: ../../results_combineSamples/DYN013_Blood_CD4_TregMemory.refined.vdjca, ../../results_combineSamples/DYN013_Blood_CD4_TregMemory.refine.report.txt
    shell:
        
        mixcr-4.7.0 -Xmx65g             refineTagsAndSort             --report ../../results_combineSamples/DYN013_Blood_CD4_TregMemory.refine.report.txt           ../../results_combineSamples/DYN013_Blood_CD4_TregMemory.vdjca ../../results_combineSamples/DYN013_Blood_CD4_TregMemory.refined.vdjca
        
        (one of the commands exited with non-zero exit code; note that snakemake uses bash strict mode!)

[Sun Mar 29 23:22:15 2026]
Error in rule assemble:
    jobid: 296
    input: ../../results_combineSamples/DYN014_Blood_CD4_CM.refined.vdjca
    output: ../../results_combineSamples/DYN014_Blood_CD4_CM.1.clones.clns, ../../results_combineSamples/DYN014_Blood_CD4_CM.1.assemble.report.txt
    shell:
        
        mixcr-4.7.0 -Xmx65g assemble           --assemble-clonotypes-by CDR3           -Passembler.minRecordsPerConsensus=1           -r ../../results_combineSamples/DYN014_Blood_CD4_CM.1.assemble.report.txt           ../../results_combineSamples/DYN014_Blood_CD4_CM.refined.vdjca ../../results_combineSamples/DYN014_Blood_CD4_CM.1.clones.clns
        
        (one of the commands exited with non-zero exit code; note that snakemake uses bash strict mode!)

[Sun Mar 29 23:22:15 2026]
Error in rule assemble:
    jobid: 196
    input: ../../results_combineSamples/DYN013_BM_CD4_CD69+.refined.vdjca
    output: ../../results_combineSamples/DYN013_BM_CD4_CD69+.1.clones.clns, ../../results_combineSamples/DYN013_BM_CD4_CD69+.1.assemble.report.txt
    shell:
        
        mixcr-4.7.0 -Xmx65g assemble           --assemble-clonotypes-by CDR3           -Passembler.minRecordsPerConsensus=1           -r ../../results_combineSamples/DYN013_BM_CD4_CD69+.1.assemble.report.txt           ../../results_combineSamples/DYN013_BM_CD4_CD69+.refined.vdjca ../../results_combineSamples/DYN013_BM_CD4_CD69+.1.clones.clns
        
        (one of the commands exited with non-zero exit code; note that snakemake uses bash strict mode!)

[Sun Mar 29 23:22:15 2026]
Error in rule assemble:
    jobid: 284
    input: ../../results_combineSamples/DYN013_Blood_CD4_EM+EMRA.refined.vdjca
    output: ../../results_combineSamples/DYN013_Blood_CD4_EM+EMRA.1.clones.clns, ../../results_combineSamples/DYN013_Blood_CD4_EM+EMRA.1.assemble.report.txt
    shell:
        
        mixcr-4.7.0 -Xmx65g assemble           --assemble-clonotypes-by CDR3           -Passembler.minRecordsPerConsensus=1           -r ../../results_combineSamples/DYN013_Blood_CD4_EM+EMRA.1.assemble.report.txt           ../../results_combineSamples/DYN013_Blood_CD4_EM+EMRA.refined.vdjca ../../results_combineSamples/DYN013_Blood_CD4_EM+EMRA.1.clones.clns
        
        (one of the commands exited with non-zero exit code; note that snakemake uses bash strict mode!)

Complete log: .snakemake/log/2026-03-29T213444.977741.snakemake.log
